[14/Oct/2017 16:43:25] "GET / HTTP/1.1" 200 1716
[14/Oct/2017 16:43:30] "GET / HTTP/1.1" 200 1716
[14/Oct/2017 16:45:05] "GET / HTTP/1.1" 200 1716
[14/Oct/2017 16:45:20] "GET / HTTP/1.1" 200 1716
Not Found: /video/nghi-vo-ngoai-tinh-anh-chong-len-lut-theo-doi-va-cai-ket/750/
[14/Oct/2017 16:45:20] "GET /video/nghi-vo-ngoai-tinh-anh-chong-len-lut-theo-doi-va-cai-ket/750/ HTTP/1.1" 404 2127
[14/Oct/2017 16:45:28] "GET / HTTP/1.1" 200 1716
Not Found: /phim-sex-vung-trom/1/
[14/Oct/2017 16:50:28] "GET /phim-sex-vung-trom/1/ HTTP/1.1" 404 1989
[14/Oct/2017 16:55:57] "GET / HTTP/1.1" 200 1716
Not Found: /favicon.ico
[14/Oct/2017 16:55:58] "GET /favicon.ico HTTP/1.1" 404 1961
Not Found: /video/noi-kho-cua-cau-em-chong/679/
[14/Oct/2017 16:56:32] "GET /video/noi-kho-cua-cau-em-chong/679/ HTTP/1.1" 404 2031
Not Found: /video/ten-bien-thai-benh-hoan/118/
[14/Oct/2017 16:56:40] "GET /video/ten-bien-thai-benh-hoan/118/ HTTP/1.1" 404 2028
Not Found: /robots.txt
[14/Oct/2017 16:57:41] "GET /robots.txt HTTP/1.1" 404 1956
Not Found: /video/em-trai-hiep-dam-chi-ruot-full-hd/92/
[14/Oct/2017 16:59:10] "GET /video/em-trai-hiep-dam-chi-ruot-full-hd/92/ HTTP/1.1" 404 2055
Not Found: /video/lam-me-lam-vo/677/
[14/Oct/2017 17:02:58] "GET /video/lam-me-lam-vo/677/ HTTP/1.1" 404 1998
Not Found: /video/di-my-du-lich-nguoi-phu-nu-duoc-an-chuoi-den-mien-phi/425/
[14/Oct/2017 17:04:10] "GET /video/di-my-du-lich-nguoi-phu-nu-duoc-an-chuoi-den-mien-phi/425/ HTTP/1.1" 404 2118
Not Found: /video/di-my-du-lich-nguoi-phu-nu-duoc-an-chuoi-den-mien-phi/425/
[14/Oct/2017 17:04:40] "GET /video/di-my-du-lich-nguoi-phu-nu-duoc-an-chuoi-den-mien-phi/425/ HTTP/1.1" 404 2118
Not Found: /video/mot-dem-o-cung-chi-dau/503/
[14/Oct/2017 17:06:59] "GET /video/mot-dem-o-cung-chi-dau/503/ HTTP/1.1" 404 2025
Not Found: /favicon.ico
[14/Oct/2017 17:06:59] "GET /favicon.ico HTTP/1.1" 404 1959
Not Found: /video/toi-khong-muon-bi-bo-dit-nhung/778/
[14/Oct/2017 17:16:34] "GET /video/toi-khong-muon-bi-bo-dit-nhung/778/ HTTP/1.1" 404 2049
